<?xml version="1.0" encoding="UTF-8"?>
<testsuites>
  <testsuite name="" tests="18" assertions="24" failures="0" errors="0" time="0.137590">
    <testsuite name="Icecave\Druid\UuidTest" file="/home/travis/build/IcecaveLabs/druid/test/suite/Icecave/Druid/UuidTest.php" namespace="Icecave\Druid" fullPackage="Icecave.Druid" tests="17" assertions="21" failures="0" errors="0" time="0.080541">
      <testcase name="testFromString" class="Icecave\Druid\UuidTest" file="/home/travis/build/IcecaveLabs/druid/test/suite/Icecave/Druid/UuidTest.php" line="24" assertions="1" time="0.022376"/>
      <testcase name="testFromStringFailureTooShort" class="Icecave\Druid\UuidTest" file="/home/travis/build/IcecaveLabs/druid/test/suite/Icecave/Druid/UuidTest.php" line="31" assertions="2" time="0.004992"/>
      <testcase name="testFromStringFailureTooLong" class="Icecave\Druid\UuidTest" file="/home/travis/build/IcecaveLabs/druid/test/suite/Icecave/Druid/UuidTest.php" line="37" assertions="2" time="0.003347"/>
      <testcase name="testFromBytes" class="Icecave\Druid\UuidTest" file="/home/travis/build/IcecaveLabs/druid/test/suite/Icecave/Druid/UuidTest.php" line="43" assertions="1" time="0.009375"/>
      <testcase name="testFromBytesFailureTooShort" class="Icecave\Druid\UuidTest" file="/home/travis/build/IcecaveLabs/druid/test/suite/Icecave/Druid/UuidTest.php" line="50" assertions="2" time="0.003335"/>
      <testcase name="testFromBytesFailureTooLong" class="Icecave\Druid\UuidTest" file="/home/travis/build/IcecaveLabs/druid/test/suite/Icecave/Druid/UuidTest.php" line="56" assertions="2" time="0.003337"/>
      <testcase name="testTimeLowHi" class="Icecave\Druid\UuidTest" file="/home/travis/build/IcecaveLabs/druid/test/suite/Icecave/Druid/UuidTest.php" line="62" assertions="1" time="0.003472"/>
      <testcase name="testTimeLowLow" class="Icecave\Druid\UuidTest" file="/home/travis/build/IcecaveLabs/druid/test/suite/Icecave/Druid/UuidTest.php" line="67" assertions="1" time="0.002821"/>
      <testcase name="testTimeMid" class="Icecave\Druid\UuidTest" file="/home/travis/build/IcecaveLabs/druid/test/suite/Icecave/Druid/UuidTest.php" line="72" assertions="1" time="0.002951"/>
      <testcase name="testTimeHi" class="Icecave\Druid\UuidTest" file="/home/travis/build/IcecaveLabs/druid/test/suite/Icecave/Druid/UuidTest.php" line="77" assertions="1" time="0.002948"/>
      <testcase name="testClockSeqHi" class="Icecave\Druid\UuidTest" file="/home/travis/build/IcecaveLabs/druid/test/suite/Icecave/Druid/UuidTest.php" line="82" assertions="1" time="0.002976"/>
      <testcase name="testClockSeqLow" class="Icecave\Druid\UuidTest" file="/home/travis/build/IcecaveLabs/druid/test/suite/Icecave/Druid/UuidTest.php" line="87" assertions="1" time="0.003051"/>
      <testcase name="testNodeHi" class="Icecave\Druid\UuidTest" file="/home/travis/build/IcecaveLabs/druid/test/suite/Icecave/Druid/UuidTest.php" line="92" assertions="1" time="0.002998"/>
      <testcase name="testNodeMid" class="Icecave\Druid\UuidTest" file="/home/travis/build/IcecaveLabs/druid/test/suite/Icecave/Druid/UuidTest.php" line="97" assertions="1" time="0.002915"/>
      <testcase name="testNodeLow" class="Icecave\Druid\UuidTest" file="/home/travis/build/IcecaveLabs/druid/test/suite/Icecave/Druid/UuidTest.php" line="102" assertions="1" time="0.002862"/>
      <testcase name="testString" class="Icecave\Druid\UuidTest" file="/home/travis/build/IcecaveLabs/druid/test/suite/Icecave/Druid/UuidTest.php" line="107" assertions="1" time="0.003382"/>
      <testcase name="testBytes" class="Icecave\Druid\UuidTest" file="/home/travis/build/IcecaveLabs/druid/test/suite/Icecave/Druid/UuidTest.php" line="112" assertions="1" time="0.003402"/>
    </testsuite>
    <testsuite name="Icecave\Druid\UuidVersion4FactoryTest" file="/home/travis/build/IcecaveLabs/druid/test/suite/Icecave/Druid/UuidVersion4FactoryTest.php" namespace="Icecave\Druid" fullPackage="Icecave.Druid" tests="1" assertions="3" failures="0" errors="0" time="0.057049">
      <testcase name="testCreate" class="Icecave\Druid\UuidVersion4FactoryTest" file="/home/travis/build/IcecaveLabs/druid/test/suite/Icecave/Druid/UuidVersion4FactoryTest.php" line="33" assertions="3" time="0.057049"/>
    </testsuite>
  </testsuite>
</testsuites>
